# JRE version: OpenJDK Runtime Environment Temurin-17.0.10+7 (17.0.10+7) (build 17.0.10+7)
# Java VM: OpenJDK 64-Bit Server VM Temurin-17.0.10+7 (17.0.10+7, mixed mode, tiered, compressed oops, compressed class ptrs, g1 gc, windows-amd64)
GC Precious Log:
 CPUs: 8 total, 8 available
 Memory: 6091M
 Large Page Support: Disabled
 NUMA Support: Disabled
 Compressed Oops: Enabled (32-bit)
 Heap Region Size: 1M
 Heap Min Capacity: 8M
 Heap Initial Capacity: 96M
 Heap Max Capacity: 1524M
 Pre-touch: Disabled
 Parallel Workers: 8
 Concurrent Workers: 2
 Concurrent Refinement Workers: 8
 Periodic GC: Disabled
Heap:
 garbage-first heap   total 193536K, used 91337K [0x00000000a0c00000, 0x0000000100000000)
  region size 1024K, 39 young (39936K), 1 survivors (1024K)
 Metaspace       used 39098K, committed 39424K, reserved 1114112K
  class space    used 4214K, committed 4352K, reserved 1048576K
GC Heap History (20 events):
Event: 16.504 GC heap before
{Heap before GC invocations=18 (full 0):
 garbage-first heap   total 71680K, used 55187K [0x00000000a0c00000, 0x0000000100000000)
  region size 1024K, 14 young (14336K), 2 survivors (2048K)
 Metaspace       used 35051K, committed 35328K, reserved 1114112K
  class space    used 3804K, committed 3904K, reserved 1048576K
}
Event: 16.519 GC heap after
{Heap after GC invocations=19 (full 0):
 garbage-first heap   total 71680K, used 44929K [0x00000000a0c00000, 0x0000000100000000)
  region size 1024K, 2 young (2048K), 2 survivors (2048K)
 Metaspace       used 35051K, committed 35328K, reserved 1114112K
  class space    used 3804K, committed 3904K, reserved 1048576K
}
Event: 16.941 GC heap before
{Heap before GC invocations=20 (full 0):
 garbage-first heap   total 81920K, used 56193K [0x00000000a0c00000, 0x0000000100000000)
  region size 1024K, 13 young (13312K), 2 survivors (2048K)
 Metaspace       used 35199K, committed 35520K, reserved 1114112K
  class space    used 3817K, committed 3968K, reserved 1048576K
}
Event: 16.958 GC heap after
{Heap after GC invocations=21 (full 0):
 garbage-first heap   total 81920K, used 46876K [0x00000000a0c00000, 0x0000000100000000)
  region size 1024K, 2 young (2048K), 2 survivors (2048K)
 Metaspace       used 35199K, committed 35520K, reserved 1114112K
  class space    used 3817K, committed 3968K, reserved 1048576K
}
Event: 17.953 GC heap before
{Heap before GC invocations=21 (full 0):
 garbage-first heap   total 81920K, used 62236K [0x00000000a0c00000, 0x0000000100000000)
  region size 1024K, 17 young (17408K), 2 survivors (2048K)
 Metaspace       used 35791K, committed 36160K, reserved 1114112K
  class space    used 3871K, committed 4032K, reserved 1048576K
}
Event: 17.969 GC heap after
{Heap after GC invocations=22 (full 0):
 garbage-first heap   total 100352K, used 48107K [0x00000000a0c00000, 0x0000000100000000)
  region size 1024K, 1 young (1024K), 1 survivors (1024K)
 Metaspace       used 35791K, committed 36160K, reserved 1114112K
  class space    used 3871K, committed 4032K, reserved 1048576K
}
Event: 20.193 GC heap before
{Heap before GC invocations=23 (full 0):
 garbage-first heap   total 100352K, used 70635K [0x00000000a0c00000, 0x0000000100000000)
  region size 1024K, 25 young (25600K), 1 survivors (1024K)
 Metaspace       used 37485K, committed 37888K, reserved 1114112K
  class space    used 4092K, committed 4288K, reserved 1048576K
}
Event: 20.209 GC heap after
{Heap after GC invocations=24 (full 0):
 garbage-first heap   total 100352K, used 49092K [0x00000000a0c00000, 0x0000000100000000)
  region size 1024K, 3 young (3072K), 3 survivors (3072K)
 Metaspace       used 37485K, committed 37888K, reserved 1114112K
  class space    used 4092K, committed 4288K, reserved 1048576K
}
Event: 21.374 GC heap before
{Heap before GC invocations=25 (full 0):
 garbage-first heap   total 100352K, used 80836K [0x00000000a0c00000, 0x0000000100000000)
  region size 1024K, 29 young (29696K), 3 survivors (3072K)
 Metaspace       used 37575K, committed 37952K, reserved 1114112K
  class space    used 4093K, committed 4288K, reserved 1048576K
}
Event: 21.400 GC heap after
{Heap after GC invocations=26 (full 0):
 garbage-first heap   total 100352K, used 63419K [0x00000000a0c00000, 0x0000000100000000)
  region size 1024K, 4 young (4096K), 4 survivors (4096K)
 Metaspace       used 37575K, committed 37952K, reserved 1114112K
  class space    used 4093K, committed 4288K, reserved 1048576K
}
Event: 21.426 GC heap before
{Heap before GC invocations=26 (full 0):
 garbage-first heap   total 100352K, used 64443K [0x00000000a0c00000, 0x0000000100000000)
  region size 1024K, 5 young (5120K), 4 survivors (4096K)
 Metaspace       used 37575K, committed 37952K, reserved 1114112K
  class space    used 4093K, committed 4288K, reserved 1048576K
}
Event: 21.433 GC heap after
{Heap after GC invocations=27 (full 0):
 garbage-first heap   total 100352K, used 53520K [0x00000000a0c00000, 0x0000000100000000)
  region size 1024K, 1 young (1024K), 1 survivors (1024K)
 Metaspace       used 37575K, committed 37952K, reserved 1114112K
  class space    used 4093K, committed 4288K, reserved 1048576K
}
Event: 21.656 GC heap before
{Heap before GC invocations=27 (full 0):
 garbage-first heap   total 100352K, used 55568K [0x00000000a0c00000, 0x0000000100000000)
  region size 1024K, 4 young (4096K), 1 survivors (1024K)
 Metaspace       used 37576K, committed 37952K, reserved 1114112K
  class space    used 4093K, committed 4288K, reserved 1048576K
}
Event: 21.667 GC heap after
{Heap after GC invocations=28 (full 0):
 garbage-first heap   total 100352K, used 52431K [0x00000000a0c00000, 0x0000000100000000)
  region size 1024K, 1 young (1024K), 1 survivors (1024K)
 Metaspace       used 37576K, committed 37952K, reserved 1114112K
  class space    used 4093K, committed 4288K, reserved 1048576K
}
Event: 23.503 GC heap before
{Heap before GC invocations=28 (full 0):
 garbage-first heap   total 100352K, used 71887K [0x00000000a0c00000, 0x0000000100000000)
  region size 1024K, 20 young (20480K), 1 survivors (1024K)
 Metaspace       used 37587K, committed 38016K, reserved 1114112K
  class space    used 4093K, committed 4288K, reserved 1048576K
}
Event: 23.512 GC heap after
{Heap after GC invocations=29 (full 0):
 garbage-first heap   total 100352K, used 58071K [0x00000000a0c00000, 0x0000000100000000)
  region size 1024K, 3 young (3072K), 3 survivors (3072K)
 Metaspace       used 37587K, committed 38016K, reserved 1114112K
  class space    used 4093K, committed 4288K, reserved 1048576K
}
Event: 24.232 GC heap before
{Heap before GC invocations=30 (full 0):
 garbage-first heap   total 104448K, used 74455K [0x00000000a0c00000, 0x0000000100000000)
  region size 1024K, 19 young (19456K), 3 survivors (3072K)
 Metaspace       used 37488K, committed 38016K, reserved 1114112K
  class space    used 4083K, committed 4288K, reserved 1048576K
}
Event: 24.247 GC heap after
{Heap after GC invocations=31 (full 0):
 garbage-first heap   total 104448K, used 63103K [0x00000000a0c00000, 0x0000000100000000)
  region size 1024K, 3 young (3072K), 3 survivors (3072K)
 Metaspace       used 37488K, committed 38016K, reserved 1114112K
  class space    used 4083K, committed 4288K, reserved 1048576K
}
Event: 24.294 GC heap before
{Heap before GC invocations=31 (full 0):
 garbage-first heap   total 104448K, used 64127K [0x00000000a0c00000, 0x0000000100000000)
  region size 1024K, 5 young (5120K), 3 survivors (3072K)
 Metaspace       used 37519K, committed 38016K, reserved 1114112K
  class space    used 4085K, committed 4288K, reserved 1048576K
}
Event: 24.318 GC heap after
{Heap after GC invocations=32 (full 0):
 garbage-first heap   total 193536K, used 53449K [0x00000000a0c00000, 0x0000000100000000)
  region size 1024K, 1 young (1024K), 1 survivors (1024K)
 Metaspace       used 37519K, committed 38016K, reserved 1114112K
  class space    used 4085K, committed 4288K, reserved 1048576K
}

