# JRE version: OpenJDK Runtime Environment Temurin-17.0.10+7 (17.0.10+7) (build 17.0.10+7)
# Java VM: OpenJDK 64-Bit Server VM Temurin-17.0.10+7 (17.0.10+7, mixed mode, tiered, compressed oops, compressed class ptrs, g1 gc, windows-amd64)
GC Precious Log:
 CPUs: 8 total, 8 available
 Memory: 6091M
 Large Page Support: Disabled
 NUMA Support: Disabled
 Compressed Oops: Enabled (32-bit)
 Heap Region Size: 1M
 Heap Min Capacity: 8M
 Heap Initial Capacity: 96M
 Heap Max Capacity: 1524M
 Pre-touch: Disabled
 Parallel Workers: 8
 Concurrent Workers: 2
 Concurrent Refinement Workers: 8
 Periodic GC: Disabled
Heap:
 garbage-first heap   total 99328K, used 34106K [0x00000000a0c00000, 0x0000000100000000)
  region size 1024K, 1 young (1024K), 1 survivors (1024K)
 Metaspace       used 74104K, committed 74624K, reserved 1179648K
  class space    used 9717K, committed 9920K, reserved 1048576K
GC Heap History (20 events):
Event: 21.265 GC heap after
{Heap after GC invocations=18 (full 0):
 garbage-first heap   total 58368K, used 26811K [0x00000000a0c00000, 0x0000000100000000)
  region size 1024K, 2 young (2048K), 2 survivors (2048K)
 Metaspace       used 70114K, committed 70592K, reserved 1114112K
  class space    used 9191K, committed 9408K, reserved 1048576K
}
Event: 27.983 GC heap before
{Heap before GC invocations=18 (full 0):
 garbage-first heap   total 58368K, used 46267K [0x00000000a0c00000, 0x0000000100000000)
  region size 1024K, 21 young (21504K), 2 survivors (2048K)
 Metaspace       used 70988K, committed 71488K, reserved 1114112K
  class space    used 9337K, committed 9600K, reserved 1048576K
}
Event: 28.007 GC heap after
{Heap after GC invocations=19 (full 0):
 garbage-first heap   total 59392K, used 37020K [0x00000000a0c00000, 0x0000000100000000)
  region size 1024K, 3 young (3072K), 3 survivors (3072K)
 Metaspace       used 70988K, committed 71488K, reserved 1114112K
  class space    used 9337K, committed 9600K, reserved 1048576K
}
Event: 28.166 GC heap before
{Heap before GC invocations=20 (full 0):
 garbage-first heap   total 66560K, used 45212K [0x00000000a0c00000, 0x0000000100000000)
  region size 1024K, 11 young (11264K), 3 survivors (3072K)
 Metaspace       used 70991K, committed 71488K, reserved 1114112K
  class space    used 9337K, committed 9600K, reserved 1048576K
}
Event: 28.183 GC heap after
{Heap after GC invocations=21 (full 0):
 garbage-first heap   total 66560K, used 41148K [0x00000000a0c00000, 0x0000000100000000)
  region size 1024K, 2 young (2048K), 2 survivors (2048K)
 Metaspace       used 70991K, committed 71488K, reserved 1114112K
  class space    used 9337K, committed 9600K, reserved 1048576K
}
Event: 28.322 GC heap before
{Heap before GC invocations=21 (full 0):
 garbage-first heap   total 66560K, used 49340K [0x00000000a0c00000, 0x0000000100000000)
  region size 1024K, 10 young (10240K), 2 survivors (2048K)
 Metaspace       used 70991K, committed 71488K, reserved 1114112K
  class space    used 9337K, committed 9600K, reserved 1048576K
}
Event: 28.338 GC heap after
{Heap after GC invocations=22 (full 0):
 garbage-first heap   total 66560K, used 45756K [0x00000000a0c00000, 0x0000000100000000)
  region size 1024K, 2 young (2048K), 2 survivors (2048K)
 Metaspace       used 70991K, committed 71488K, reserved 1114112K
  class space    used 9337K, committed 9600K, reserved 1048576K
}
Event: 28.439 GC heap before
{Heap before GC invocations=23 (full 0):
 garbage-first heap   total 81920K, used 50876K [0x00000000a0c00000, 0x0000000100000000)
  region size 1024K, 7 young (7168K), 2 survivors (2048K)
 Metaspace       used 70991K, committed 71488K, reserved 1114112K
  class space    used 9337K, committed 9600K, reserved 1048576K
}
Event: 28.450 GC heap after
{Heap after GC invocations=24 (full 0):
 garbage-first heap   total 81920K, used 48748K [0x00000000a0c00000, 0x0000000100000000)
  region size 1024K, 1 young (1024K), 1 survivors (1024K)
 Metaspace       used 70991K, committed 71488K, reserved 1114112K
  class space    used 9337K, committed 9600K, reserved 1048576K
}
Event: 28.594 GC heap before
{Heap before GC invocations=24 (full 0):
 garbage-first heap   total 81920K, used 58988K [0x00000000a0c00000, 0x0000000100000000)
  region size 1024K, 11 young (11264K), 1 survivors (1024K)
 Metaspace       used 70991K, committed 71488K, reserved 1114112K
  class space    used 9337K, committed 9600K, reserved 1048576K
}
Event: 28.608 GC heap after
{Heap after GC invocations=25 (full 0):
 garbage-first heap   total 81920K, used 54176K [0x00000000a0c00000, 0x0000000100000000)
  region size 1024K, 2 young (2048K), 2 survivors (2048K)
 Metaspace       used 70991K, committed 71488K, reserved 1114112K
  class space    used 9337K, committed 9600K, reserved 1048576K
}
Event: 28.916 GC heap before
{Heap before GC invocations=26 (full 0):
 garbage-first heap   total 99328K, used 62368K [0x00000000a0c00000, 0x0000000100000000)
  region size 1024K, 10 young (10240K), 2 survivors (2048K)
 Metaspace       used 71114K, committed 71680K, reserved 1114112K
  class space    used 9342K, committed 9600K, reserved 1048576K
}
Event: 28.927 GC heap after
{Heap after GC invocations=27 (full 0):
 garbage-first heap   total 99328K, used 56040K [0x00000000a0c00000, 0x0000000100000000)
  region size 1024K, 2 young (2048K), 2 survivors (2048K)
 Metaspace       used 71114K, committed 71680K, reserved 1114112K
  class space    used 9342K, committed 9600K, reserved 1048576K
}
Event: 30.201 GC heap before
{Heap before GC invocations=27 (full 0):
 garbage-first heap   total 99328K, used 70376K [0x00000000a0c00000, 0x0000000100000000)
  region size 1024K, 16 young (16384K), 2 survivors (2048K)
 Metaspace       used 71153K, committed 71744K, reserved 1114112K
  class space    used 9342K, committed 9600K, reserved 1048576K
}
Event: 30.205 GC heap after
{Heap after GC invocations=28 (full 0):
 garbage-first heap   total 99328K, used 56277K [0x00000000a0c00000, 0x0000000100000000)
  region size 1024K, 1 young (1024K), 1 survivors (1024K)
 Metaspace       used 71153K, committed 71744K, reserved 1114112K
  class space    used 9342K, committed 9600K, reserved 1048576K
}
Event: 33.293 GC heap before
{Heap before GC invocations=29 (full 0):
 garbage-first heap   total 99328K, used 60373K [0x00000000a0c00000, 0x0000000100000000)
  region size 1024K, 16 young (16384K), 1 survivors (1024K)
 Metaspace       used 73097K, committed 73600K, reserved 1114112K
  class space    used 9533K, committed 9792K, reserved 1048576K
}
Event: 33.297 GC heap after
{Heap after GC invocations=30 (full 0):
 garbage-first heap   total 99328K, used 46767K [0x00000000a0c00000, 0x0000000100000000)
  region size 1024K, 1 young (1024K), 1 survivors (1024K)
 Metaspace       used 73097K, committed 73600K, reserved 1114112K
  class space    used 9533K, committed 9792K, reserved 1048576K
}
Event: 33.670 GC heap before
{Heap before GC invocations=30 (full 0):
 garbage-first heap   total 99328K, used 49839K [0x00000000a0c00000, 0x0000000100000000)
  region size 1024K, 4 young (4096K), 1 survivors (1024K)
 Metaspace       used 73587K, committed 74048K, reserved 1114112K
  class space    used 9627K, committed 9856K, reserved 1048576K
}
Event: 33.676 GC heap after
{Heap after GC invocations=31 (full 0):
 garbage-first heap   total 99328K, used 36850K [0x00000000a0c00000, 0x0000000100000000)
  region size 1024K, 1 young (1024K), 1 survivors (1024K)
 Metaspace       used 73587K, committed 74048K, reserved 1114112K
  class space    used 9627K, committed 9856K, reserved 1048576K
}
Event: 33.838 GC heap before
{Heap before GC invocations=31 (full 0):
 garbage-first heap   total 99328K, used 39922K [0x00000000a0c00000, 0x0000000100000000)
  region size 1024K, 4 young (4096K), 1 survivors (1024K)
 Metaspace       used 74104K, committed 74624K, reserved 1179648K
  class space    used 9717K, committed 9920K, reserved 1048576K
}

